TN:
SF:arrayMethods.js
FN:1,forEach
FN:7,map
FN:15,filter
FNF:3
FNH:3
FNDA:1,forEach
FNDA:2,map
FNDA:1,filter
DA:2,1
DA:3,4
DA:8,2
DA:9,2
DA:10,10
DA:12,2
DA:16,1
DA:17,1
DA:18,6
DA:19,4
DA:22,1
DA:30,1
LF:12
LH:12
BRDA:18,0,0,4
BRDA:18,0,1,2
BRF:2
BRH:2
end_of_record
TN:
SF:cloneArray.js
FN:1,cloneArray
FNF:1
FNH:1
FNDA:2,cloneArray
DA:2,2
DA:5,1
LF:2
LH:2
BRF:0
BRH:0
end_of_record
TN:
SF:substract.js
FN:1,substract
FNF:1
FNH:1
FNDA:1,substract
DA:2,1
DA:5,1
LF:2
LH:2
BRF:0
BRH:0
end_of_record
TN:
SF:sum.js
FN:1,sum
FNF:1
FNH:1
FNDA:1,sum
DA:2,1
DA:5,1
LF:2
LH:2
BRF:0
BRH:0
end_of_record
